2026-04-04 17:34:36.494: [INFO] VisibilityChanged: 0
2026-04-04 17:34:36.532: [INFO] RecordSyncInitDuration has_sync_been_enabled: 0 state: 0
2026-04-04 17:34:36.534: [INFO] RecordSyncInitDuration has_sync_been_enabled: 0 state: 0
2026-04-04 17:34:36.535: [INFO] RecordSyncInitDuration has_sync_been_enabled: 0 state: 0
2026-04-04 17:34:36.536: [INFO] RecordSyncInitDuration has_sync_been_enabled: 0 state: 0
2026-04-04 17:34:36.538: [INFO] RecordSyncInitDuration has_sync_been_enabled: 0 state: 0
2026-04-04 17:34:36.539: [INFO] RecordSyncInitDuration has_sync_been_enabled: 0 state: 0
2026-04-04 17:34:36.541: [INFO] RecordSyncInitDuration has_sync_been_enabled: 0 state: 0
2026-04-04 17:34:36.543: [INFO] RecordSyncInitDuration has_sync_been_enabled: 0 state: 0
2026-04-04 17:34:36.545: [INFO] RecordSyncInitDuration has_sync_been_enabled: 0 state: 0
2026-04-04 17:34:36.546: [INFO] RecordSyncInitDuration has_sync_been_enabled: 0 state: 0
2026-04-04 17:34:36.548: [INFO] RecordSyncInitDuration has_sync_been_enabled: 0 state: 0
2026-04-04 17:34:36.549: [INFO] RecordSyncInitDuration has_sync_been_enabled: 0 state: 0
2026-04-04 17:34:36.569: [INFO] BookmarkNodeAdded, ABU: 0
2026-04-04 17:34:36.570: [INFO] BookmarkNodeAdded, ABU: 0
2026-04-04 17:34:36.571: [INFO] BookmarkNodeAdded, ABU: 0
2026-04-04 17:34:36.571: [INFO] BookmarkModelLoaded, ids_reassigned: 0
2026-04-04 17:34:36.571: [INFO] OnDoneLoading sync enabled: 0
2026-04-04 17:34:36.638: [INFO] RecordSyncInitDuration has_sync_been_enabled: 0 state: 0
2026-04-04 17:34:42.249: [INFO] RecordSyncInitDuration has_sync_been_enabled: 0 state: 3
2026-04-04 17:34:42.258: [INFO] Primary account changed.
2026-04-04 17:34:42.258: [INFO] OnPrimaryAccountChanged PrimaryAccountChangeEvent::Type::kSet
2026-04-04 17:34:42.266: [INFO] RecordSyncInitDuration has_sync_been_enabled: 0 state: 3
2026-04-04 17:34:45.744: [INFO] BookmarkNodeAdded, ABU: 0
2026-04-04 17:34:45.746: [INFO] BookmarkNodeAdded, ABU: 0
2026-04-04 17:34:45.746: [INFO] BookmarkNodeAdded, ABU: 0
2026-04-04 17:34:45.747: [INFO] BookmarkNodeAdded, ABU: 0
2026-04-04 17:34:45.748: [INFO] BookmarkNodeAdded, ABU: 0
2026-04-04 17:34:45.749: [INFO] BookmarkNodeAdded, ABU: 0
2026-04-04 17:34:45.750: [INFO] BookmarkNodeAdded, ABU: 0
2026-04-04 17:34:45.751: [INFO] BookmarkNodeAdded, ABU: 0
2026-04-04 17:34:45.751: [INFO] BookmarkNodeAdded, ABU: 0
2026-04-04 17:34:45.751: [INFO] BookmarkNodeAdded, ABU: 0
2026-04-04 17:34:45.753: [INFO] BookmarkNodeAdded, ABU: 0
2026-04-04 17:34:45.979: [INFO] Sync initialization duration: 3515ms
