{"logTime": "0404/173444", "correlationVector":"HlJ1k57iziCtbWuDShvpIV.1","action":"SyncServerConnectionManagerRequest", "result":"SYNC_SERVER_OK", "context":{"environment":"Prod_southindia_prod-s01-004-apac-southindia", "migrationStage":"NotStarted", "server":"akswtt10300000x"}}
{"logTime": "0404/173444", "correlationVector":"HlJ1k57iziCtbWuDShvpIV.2","action":"ProcessGetUpdates", "result":"Done", "context":{"dataType":"Encryption Keys", "deleted":"0", "process_failed_to_decrypt":"0", "process_pending_decryption":"0", "process_success":"1", "total":"1"}}
{"logTime": "0404/173445", "correlationVector":"K3iR9LekmHooJ6LPIe/uQP","action":"SyncServerConnectionManagerRequest", "result":"SYNC_SERVER_OK", "context":{"environment":"", "migrationStage":"", "server":""}}
{"logTime": "0404/173445", "correlationVector":"K3iR9LekmHooJ6LPIe/uQP.0","action":"EncryptionKeysFetcher.DownloadKeys:", "result":"Success", "context":Key count: 10, Last key timestamp: 2026-03-28T02:09:00Z}
{"logTime": "0404/173445", "correlationVector":"K3iR9LekmHooJ6LPIe/uQP.1","action":"EncryptionKeysManager::SetEncryptionKeys:", "result":"Success", "context":Key names[10]:[twnOPVecssUh5W8b8YpR+yEOCFiQ+7NHI6vx1fonmS/rjoYjS+sG1Y/EABgZJu0qPqVO6FuyqFwPLVjTMnGSKg==][5TyoIiWxxOs1MKv4oPG+ZvwpZ8ngGpMeF3vLolxgfoR43L5JgMyULKmy8kFJaXgki38d0DbNzVzOTEB/0RqkTw==][LsxcN+3EageQM5eYXrrQUOW+kHtZriebEP676RZmvWkS9Ark42tHwFaUdIBJJOXFhzJl6LBgcQCn/oEN75aT5Q==][qPMY/GLovwHkl1hFhQS57YhxrOcw1361q+p2eqTf1fOdvjahL5KGZ1jaPg0GVCGV6CowW307jvqZWSk1Z3mkjA==][yTCX2TkPxr94HOVZ/oyQXzV1CNEwXKHESZ02A8Bhy+AWuaO6vT042GHj3aaEJGGIXfjMedtqY30Nczu48R5pwA==][G0zUk52Mb7fb+HDDYb+z9PNtztCTDF452NN7PoIrl3dNJW0gSkEck+0TRxUngeh0QUlGn+gPmjL7vjxP0ksiJw==][N+nkThGjxB4THTqLZ9FdLULc0W5fYObmUIPujORKjOaID5evwOklMd6yLMf6ODzGXeiTj3EfAWBdz1a6M3ZiIQ==][OAJ4LbuC0DHvQNReoaTjFis0WWkfDfH6XcZgbuVsYW9TbGD6/oMa9kgo8BvSPb25pmoDHkv73eOsTOYvhVXUaQ==][Pg834MzM8THWDnybv5+CfC8+Uuyk8pLPLdFgDL/fQFPEo/66Yxucv4CdXWZ1PioOvg8QfgEGiUq/WGpaxGRF0w==][EN5kdT1jCBdQiLKeHkQoZhMpVvko8f+w/bYLL1+n4xkYdgJs/vQ13VouZNDL3vQX5owtQloH/PbXY9BOfBKEPg==]}
{"logTime": "0404/173445", "correlationVector":"K3iR9LekmHooJ6LPIe/uQP.2","action":"EncryptionKeysManager::SetEncryptionKeysWithTimestamps:", "result":"Success", "context":Key timestamps[10]:[2022-06-07T08:52:36Z][2022-12-05T03:51:52Z][2023-06-06T08:40:36Z][2023-07-10T11:38:20Z][2024-01-07T06:09:46Z][2024-03-09T09:55:44Z][2024-09-07T07:29:09Z][2025-03-29T12:04:27Z][2025-09-27T08:04:47Z][2026-03-28T02:09:00Z]}
{"logTime": "0404/173445", "correlationVector":"HlJ1k57iziCtbWuDShvpIV","action":"Initial GetUpdates", "result":"", "context":Reason: NEW_CLIENT. cV=HlJ1k57iziCtbWuDShvpIV}
{"logTime": "0404/173445", "correlationVector":"HlJ1k57iziCtbWuDShvpIV.3","action":"GetUpdates Response", "result":"Success", "context":Received 1 update(s). cV=HlJ1k57iziCtbWuDShvpIV.0;server=akswtt10300000x;cloudType=Consumer;environment=Prod_southindia_prod-s01-004-apac-southindia;migrationStage=NotStarted}
{"logTime": "0404/173445", "correlationVector":"1ZwY4rJTWrieSQS1VOiU5u","action":"Initial GetUpdates", "result":"", "context":Reason: NEWLY_SUPPORTED_DATATYPE. cV=1ZwY4rJTWrieSQS1VOiU5u}
{"logTime": "0404/173445", "correlationVector":"1ZwY4rJTWrieSQS1VOiU5u.1","action":"SyncServerConnectionManagerRequest", "result":"SYNC_SERVER_OK", "context":{"environment":"Prod_southindia_prod-s01-004-apac-southindia", "migrationStage":"NotStarted", "server":"akswtt10300000n"}}
{"logTime": "0404/173445", "correlationVector":"1ZwY4rJTWrieSQS1VOiU5u.2","action":"ProcessGetUpdates", "result":"Done", "context":{"dataType":"Preferences", "deleted":"0", "process_failed_to_decrypt":"0", "process_pending_decryption":"0", "process_success":"88", "total":"88"}}
{"logTime": "0404/173445", "correlationVector":"1ZwY4rJTWrieSQS1VOiU5u.3","action":"ProcessGetUpdates", "result":"Done", "context":{"dataType":"Passwords", "deleted":"0", "process_failed_to_decrypt":"0", "process_pending_decryption":"0", "process_success":"16", "total":"16"}}
{"logTime": "0404/173445", "correlationVector":"1ZwY4rJTWrieSQS1VOiU5u.4","action":"ProcessGetUpdates", "result":"Done", "context":{"dataType":"Device Info", "deleted":"0", "process_failed_to_decrypt":"0", "process_pending_decryption":"0", "process_success":"14", "total":"14"}}
{"logTime": "0404/173445", "correlationVector":"1ZwY4rJTWrieSQS1VOiU5u.5","action":"GetUpdates Response", "result":"Success", "context":Received 118 update(s). cV=1ZwY4rJTWrieSQS1VOiU5u.0;server=akswtt10300000n;cloudType=Consumer;environment=Prod_southindia_prod-s01-004-apac-southindia;migrationStage=NotStarted}
{"logTime": "0404/173445", "correlationVector":"ypa/JTBJ4iNoKAZixnyw1d","action":"Initial GetUpdates", "result":"", "context":Reason: NEWLY_SUPPORTED_DATATYPE. cV=ypa/JTBJ4iNoKAZixnyw1d}
{"logTime": "0404/173445", "correlationVector":"ypa/JTBJ4iNoKAZixnyw1d.1","action":"SyncServerConnectionManagerRequest", "result":"SYNC_SERVER_OK", "context":{"environment":"Prod_southindia_prod-s01-004-apac-southindia", "migrationStage":"NotStarted", "server":"akswtt10300001j"}}
{"logTime": "0404/173445", "correlationVector":"ypa/JTBJ4iNoKAZixnyw1d.2","action":"ProcessGetUpdates", "result":"Done", "context":{"dataType":"Bookmarks", "deleted":"0", "process_failed_to_decrypt":"0", "process_pending_decryption":"0", "process_success":"17", "total":"17"}}
{"logTime": "0404/173445", "correlationVector":"ypa/JTBJ4iNoKAZixnyw1d.3","action":"GetUpdates Response", "result":"Success", "context":Received 17 update(s). cV=ypa/JTBJ4iNoKAZixnyw1d.0;server=akswtt10300001j;cloudType=Consumer;environment=Prod_southindia_prod-s01-004-apac-southindia;migrationStage=NotStarted}
{"logTime": "0404/173445", "correlationVector":"9bblIhbsBi1PjeiPOcKaQx","action":"Initial GetUpdates", "result":"", "context":Reason: NEWLY_SUPPORTED_DATATYPE. cV=9bblIhbsBi1PjeiPOcKaQx}
{"logTime": "0404/173445", "correlationVector":"9bblIhbsBi1PjeiPOcKaQx.1","action":"SyncServerConnectionManagerRequest", "result":"SYNC_SERVER_OK", "context":{"environment":"Prod_southindia_prod-s01-004-apac-southindia", "migrationStage":"NotStarted", "server":"akswtt10300000n"}}
{"logTime": "0404/173445", "correlationVector":"9bblIhbsBi1PjeiPOcKaQx.2","action":"ProcessGetUpdates", "result":"Done", "context":{"dataType":"Autofill Profiles", "deleted":"0", "process_failed_to_decrypt":"0", "process_pending_decryption":"0", "process_success":"1", "total":"1"}}
{"logTime": "0404/173445", "correlationVector":"9bblIhbsBi1PjeiPOcKaQx.3","action":"ProcessGetUpdates", "result":"Done", "context":{"dataType":"Autofill", "deleted":"0", "process_failed_to_decrypt":"0", "process_pending_decryption":"0", "process_success":"2", "total":"2"}}
{"logTime": "0404/173445", "correlationVector":"9bblIhbsBi1PjeiPOcKaQx.4","action":"ProcessGetUpdates", "result":"Done", "context":{"dataType":"Extensions", "deleted":"0", "process_failed_to_decrypt":"0", "process_pending_decryption":"0", "process_success":"8", "total":"8"}}
{"logTime": "0404/173445", "correlationVector":"9bblIhbsBi1PjeiPOcKaQx.5","action":"ProcessGetUpdates", "result":"Done", "context":{"dataType":"Sessions", "deleted":"3", "process_failed_to_decrypt":"0", "process_pending_decryption":"0", "process_success":"21", "total":"21"}}
{"logTime": "0404/173445", "correlationVector":"9bblIhbsBi1PjeiPOcKaQx.6","action":"ProcessGetUpdates", "result":"Done", "context":{"dataType":"Extension settings", "deleted":"0", "process_failed_to_decrypt":"0", "process_pending_decryption":"0", "process_success":"4", "total":"4"}}
{"logTime": "0404/173445", "correlationVector":"9bblIhbsBi1PjeiPOcKaQx.7","action":"ProcessGetUpdates", "result":"Done", "context":{"dataType":"Edge Hub App Usage", "deleted":"2", "process_failed_to_decrypt":"0", "process_pending_decryption":"0", "process_success":"8", "total":"8"}}
{"logTime": "0404/173445", "correlationVector":"9bblIhbsBi1PjeiPOcKaQx.8","action":"GetUpdates Response", "result":"Success", "context":Received 44 update(s). cV=9bblIhbsBi1PjeiPOcKaQx.0;server=akswtt10300000n;cloudType=Consumer;environment=Prod_southindia_prod-s01-004-apac-southindia;migrationStage=NotStarted}
{"logTime": "0404/173445", "correlationVector":"ZJ/JJwp5WO0vmc2FUOiCTm","action":"Initial GetUpdates", "result":"", "context":Reason: NEWLY_SUPPORTED_DATATYPE. cV=ZJ/JJwp5WO0vmc2FUOiCTm}
{"logTime": "0404/173446", "correlationVector":"ZJ/JJwp5WO0vmc2FUOiCTm.1","action":"SyncServerConnectionManagerRequest", "result":"SYNC_SERVER_OK", "context":{"environment":"Prod_southindia_prod-s01-004-apac-southindia", "migrationStage":"NotStarted", "server":"akswtt103000007"}}
{"logTime": "0404/173446", "correlationVector":"ZJ/JJwp5WO0vmc2FUOiCTm.2","action":"ProcessGetUpdates", "result":"Done", "context":{"dataType":"History", "deleted":"0", "process_failed_to_decrypt":"0", "process_pending_decryption":"0", "process_success":"14", "total":"14"}}
{"logTime": "0404/173446", "correlationVector":"ZJ/JJwp5WO0vmc2FUOiCTm.3","action":"GetUpdates Response", "result":"Success", "context":Received 14 update(s). cV=ZJ/JJwp5WO0vmc2FUOiCTm.0;server=akswtt103000007;cloudType=Consumer;environment=Prod_southindia_prod-s01-004-apac-southindia;migrationStage=NotStarted}
{"logTime": "0404/173446", "correlationVector":"aQ1PCU/GoHo5ipPQhTXAkQ","action":"Normal GetUpdate request", "result":"", "context":cV=aQ1PCU/GoHo5ipPQhTXAkQ
Nudged types: Sessions, Device Info, User Consents
Refresh requested types: Bookmarks, Preferences, Passwords, Autofill Profiles, Autofill, Extensions, Sessions, Extension settings, History Delete Directives, Device Info, User Consents, Send Tab To Self, Web Apps, History, Saved Tab Group, WebAuthn Credentials, Collection, Edge E Drop, Edge Hub App Usage, Edge Wallet, Edge Workspace, Encryption Keys}
{"logTime": "0404/173446", "correlationVector":"aQ1PCU/GoHo5ipPQhTXAkQ.1","action":"SyncServerConnectionManagerRequest", "result":"SYNC_SERVER_OK", "context":{"environment":"Prod_southindia_prod-s01-004-apac-southindia", "migrationStage":"NotStarted", "server":"akswtt10300000h"}}
{"logTime": "0404/173446", "correlationVector":"aQ1PCU/GoHo5ipPQhTXAkQ.2","action":"GetUpdates Response", "result":"Success", "context":Received 0 update(s). cV=aQ1PCU/GoHo5ipPQhTXAkQ.0;server=akswtt10300000h;cloudType=Consumer;environment=Prod_southindia_prod-s01-004-apac-southindia;migrationStage=NotStarted}
{"logTime": "0404/173446", "correlationVector":"vJgO5D6Ri85WYMvBESmETL","action":"DoCompareDataConsistency requsted types: ", "result":"Bookmarks, Preferences, Passwords, Extensions, Extension settings, History Delete Directives, Send Tab To Self, Web Apps, History, Saved Tab Group, WebAuthn Credentials, Collection, Edge E Drop, Edge Wallet, Edge Workspace, Encryption Keys"}
{"logTime": "0404/173446", "correlationVector":"vJgO5D6Ri85WYMvBESmETL.0","action":"CompareDataConsistency result: ", "result":"Compare result: Encryption Keys is consistent. local entities count is: 1 local entities hash is: ZgsgKYxe09ErLFvV7LOWhO//VqU="}
{"logTime": "0404/173446", "correlationVector":"vJgO5D6Ri85WYMvBESmETL.1","action":"CompareDataConsistency result: ", "result":"Compare result: Bookmarks is consistent. local entities count is: 11 local entities hash is: tcjBF4ooJYRyrRlaeT4DQNyrztE="}
{"logTime": "0404/173446", "correlationVector":"vJgO5D6Ri85WYMvBESmETL.2","action":"CompareDataConsistency result: ", "result":"Compare result: Preferences is consistent. local entities count is: 88 local entities hash is: mYBZDoje4RHVDeRnir31SUNMGv8="}
{"logTime": "0404/173446", "correlationVector":"vJgO5D6Ri85WYMvBESmETL.3","action":"CompareDataConsistency result: ", "result":"Compare result: Extensions is consistent. local entities count is: 8 local entities hash is: rTNUKOOxaZvfVr1RrBOWkdMAz6g="}
{"logTime": "0404/173446", "correlationVector":"vJgO5D6Ri85WYMvBESmETL.4","action":"CompareDataConsistency result: ", "result":"Compare result: Extension settings is consistent. local entities count is: 4 local entities hash is: sooazzyyH6JTppCcGblDm+Vew4E="}
{"logTime": "0404/173446", "correlationVector":"vJgO5D6Ri85WYMvBESmETL.5","action":"CompareDataConsistency result: ", "result":"Compare result: History Delete Directives is consistent. local entities count is: 0 local entities hash is: "}
{"logTime": "0404/173446", "correlationVector":"vJgO5D6Ri85WYMvBESmETL.6","action":"CompareDataConsistency result: ", "result":"Server did not send this Send Tab To Self local entities count is: 0 local entities hash is: "}
{"logTime": "0404/173446", "correlationVector":"vJgO5D6Ri85WYMvBESmETL.7","action":"CompareDataConsistency result: ", "result":"Compare result: Web Apps is consistent. local entities count is: 0 local entities hash is: "}
{"logTime": "0404/173446", "correlationVector":"vJgO5D6Ri85WYMvBESmETL.8","action":"CompareDataConsistency result: ", "result":"Server did not send this History local entities count is: 0 local entities hash is: "}
{"logTime": "0404/173446", "correlationVector":"vJgO5D6Ri85WYMvBESmETL.9","action":"CompareDataConsistency result: ", "result":"Compare result: Saved Tab Group is consistent. local entities count is: 0 local entities hash is: "}
{"logTime": "0404/173446", "correlationVector":"vJgO5D6Ri85WYMvBESmETL.10","action":"CompareDataConsistency result: ", "result":"Server did not send this WebAuthn Credentials local entities count is: 0 local entities hash is: "}
{"logTime": "0404/173446", "correlationVector":"vJgO5D6Ri85WYMvBESmETL.11","action":"CompareDataConsistency result: ", "result":"Compare result: Collection is consistent. local entities count is: 0 local entities hash is: "}
{"logTime": "0404/173446", "correlationVector":"vJgO5D6Ri85WYMvBESmETL.12","action":"CompareDataConsistency result: ", "result":"Compare result: Edge E Drop is consistent. local entities count is: 0 local entities hash is: "}
{"logTime": "0404/173446", "correlationVector":"vJgO5D6Ri85WYMvBESmETL.13","action":"CompareDataConsistency result: ", "result":"Compare result: Edge Wallet is consistent. local entities count is: 0 local entities hash is: "}
{"logTime": "0404/173446", "correlationVector":"vJgO5D6Ri85WYMvBESmETL.14","action":"CompareDataConsistency result: ", "result":"Server did not send this Edge Workspace local entities count is: 0 local entities hash is: "}
{"logTime": "0404/173446", "correlationVector":"vJgO5D6Ri85WYMvBESmETL.15","action":"CompareDataConsistency result: ", "result":"Compare result: Passwords is consistent. local entities count is: 16 local entities hash is: RFqRF8OktrN3uQXLC7b1BBLDxRA="}
{"logTime": "0404/173446", "correlationVector":"Y6pnxg86cItMSB13ZDUViq","action":"Commit Request", "result":"", "context":Item count: 4
Contributing types: Sessions, Device Info, User Consents}
{"logTime": "0404/173447", "correlationVector":"Y6pnxg86cItMSB13ZDUViq.1","action":"SyncServerConnectionManagerRequest", "result":"SYNC_SERVER_OK", "context":{"environment":"Prod_southindia_prod-s01-004-apac-southindia", "migrationStage":"NotStarted", "server":"akswtt10300000n"}}
{"logTime": "0404/173447", "correlationVector":"Y6pnxg86cItMSB13ZDUViq.2","action":"Commit Response", "result":"Success", "context":Result: Success. cV=Y6pnxg86cItMSB13ZDUViq.0;server=akswtt10300000n;cloudType=Consumer;environment=Prod_southindia_prod-s01-004-apac-southindia;migrationStage=NotStarted}
{"logTime": "0404/173447", "correlationVector":"","action":"DIAGNOSTIC_REQUEST|v1/diagnosticData/Diagnostic.SendCheckResult()|SUCCESS", "result":""}
{"logTime": "0404/173447", "correlationVector":"m0yfCJfp/wdpofn436t/NI","action":"Commit Request", "result":"", "context":Item count: 6
Contributing types: Preferences, Passwords}
{"logTime": "0404/173448", "correlationVector":"m0yfCJfp/wdpofn436t/NI.1","action":"SyncServerConnectionManagerRequest", "result":"SYNC_SERVER_OK", "context":{"environment":"Prod_southindia_prod-s01-004-apac-southindia", "migrationStage":"NotStarted", "server":"akswtt10300000x"}}
{"logTime": "0404/173448", "correlationVector":"m0yfCJfp/wdpofn436t/NI.2","action":"Commit Response", "result":"Success", "context":Result: Success. cV=m0yfCJfp/wdpofn436t/NI.0;server=akswtt10300000x;cloudType=Consumer;environment=Prod_southindia_prod-s01-004-apac-southindia;migrationStage=NotStarted}
{"logTime": "0404/173508", "correlationVector":"8DXH9rabh2iwez2kgl+S3S","action":"Commit Request", "result":"", "context":Item count: 1
Contributing types: Preferences}
{"logTime": "0404/173508", "correlationVector":"8DXH9rabh2iwez2kgl+S3S.1","action":"SyncServerConnectionManagerRequest", "result":"SYNC_SERVER_OK", "context":{"environment":"Prod_southindia_prod-s01-004-apac-southindia", "migrationStage":"NotStarted", "server":"akswtt103000007"}}
{"logTime": "0404/173508", "correlationVector":"8DXH9rabh2iwez2kgl+S3S.2","action":"Commit Response", "result":"Success", "context":Result: Success. cV=8DXH9rabh2iwez2kgl+S3S.0;server=akswtt103000007;cloudType=Consumer;environment=Prod_southindia_prod-s01-004-apac-southindia;migrationStage=NotStarted}
{"logTime": "0404/173536", "correlationVector":"5uF44m8cQ51QCept0GgGci","action":"Commit Request", "result":"", "context":Item count: 15
Contributing types: Passwords, Sessions, History}
{"logTime": "0404/173537", "correlationVector":"5uF44m8cQ51QCept0GgGci.1","action":"SyncServerConnectionManagerRequest", "result":"SYNC_SERVER_OK", "context":{"environment":"Prod_southindia_prod-s01-004-apac-southindia", "migrationStage":"NotStarted", "server":"akswtt103000007"}}
{"logTime": "0404/173537", "correlationVector":"5uF44m8cQ51QCept0GgGci.2","action":"Commit Response", "result":"Success", "context":Result: Success. cV=5uF44m8cQ51QCept0GgGci.0;server=akswtt103000007;cloudType=Consumer;environment=Prod_southindia_prod-s01-004-apac-southindia;migrationStage=NotStarted}
