{"logTime": "0404/180235", "correlationVector":"dI5147ZJroVYEeGgsIXTXU.1","action":"SyncServerConnectionManagerRequest", "result":"SYNC_SERVER_OK", "context":{"environment":"Prod_southindia_prod-s01-004-apac-southindia", "migrationStage":"NotStarted", "server":"akswtt10300000l"}}
{"logTime": "0404/180235", "correlationVector":"dI5147ZJroVYEeGgsIXTXU.2","action":"ProcessGetUpdates", "result":"Done", "context":{"dataType":"Encryption Keys", "deleted":"0", "process_failed_to_decrypt":"0", "process_pending_decryption":"0", "process_success":"1", "total":"1"}}
{"logTime": "0404/180235", "correlationVector":"9KVubejqoU+k9MZImsnHYW","action":"SyncServerConnectionManagerRequest", "result":"SYNC_SERVER_OK", "context":{"environment":"", "migrationStage":"", "server":""}}
{"logTime": "0404/180235", "correlationVector":"9KVubejqoU+k9MZImsnHYW.0","action":"EncryptionKeysFetcher.DownloadKeys:", "result":"Success", "context":Key count: 10, Last key timestamp: 2026-03-28T02:09:00Z}
{"logTime": "0404/180235", "correlationVector":"9KVubejqoU+k9MZImsnHYW.1","action":"EncryptionKeysManager::SetEncryptionKeys:", "result":"Success", "context":Key names[10]:[twnOPVecssUh5W8b8YpR+yEOCFiQ+7NHI6vx1fonmS/rjoYjS+sG1Y/EABgZJu0qPqVO6FuyqFwPLVjTMnGSKg==][5TyoIiWxxOs1MKv4oPG+ZvwpZ8ngGpMeF3vLolxgfoR43L5JgMyULKmy8kFJaXgki38d0DbNzVzOTEB/0RqkTw==][LsxcN+3EageQM5eYXrrQUOW+kHtZriebEP676RZmvWkS9Ark42tHwFaUdIBJJOXFhzJl6LBgcQCn/oEN75aT5Q==][qPMY/GLovwHkl1hFhQS57YhxrOcw1361q+p2eqTf1fOdvjahL5KGZ1jaPg0GVCGV6CowW307jvqZWSk1Z3mkjA==][yTCX2TkPxr94HOVZ/oyQXzV1CNEwXKHESZ02A8Bhy+AWuaO6vT042GHj3aaEJGGIXfjMedtqY30Nczu48R5pwA==][G0zUk52Mb7fb+HDDYb+z9PNtztCTDF452NN7PoIrl3dNJW0gSkEck+0TRxUngeh0QUlGn+gPmjL7vjxP0ksiJw==][N+nkThGjxB4THTqLZ9FdLULc0W5fYObmUIPujORKjOaID5evwOklMd6yLMf6ODzGXeiTj3EfAWBdz1a6M3ZiIQ==][OAJ4LbuC0DHvQNReoaTjFis0WWkfDfH6XcZgbuVsYW9TbGD6/oMa9kgo8BvSPb25pmoDHkv73eOsTOYvhVXUaQ==][Pg834MzM8THWDnybv5+CfC8+Uuyk8pLPLdFgDL/fQFPEo/66Yxucv4CdXWZ1PioOvg8QfgEGiUq/WGpaxGRF0w==][EN5kdT1jCBdQiLKeHkQoZhMpVvko8f+w/bYLL1+n4xkYdgJs/vQ13VouZNDL3vQX5owtQloH/PbXY9BOfBKEPg==]}
{"logTime": "0404/180235", "correlationVector":"9KVubejqoU+k9MZImsnHYW.2","action":"EncryptionKeysManager::SetEncryptionKeysWithTimestamps:", "result":"Success", "context":Key timestamps[10]:[2022-06-07T08:52:36Z][2022-12-05T03:51:52Z][2023-06-06T08:40:36Z][2023-07-10T11:38:20Z][2024-01-07T06:09:46Z][2024-03-09T09:55:44Z][2024-09-07T07:29:09Z][2025-03-29T12:04:27Z][2025-09-27T08:04:47Z][2026-03-28T02:09:00Z]}
{"logTime": "0404/180235", "correlationVector":"dI5147ZJroVYEeGgsIXTXU","action":"Initial GetUpdates", "result":"", "context":Reason: NEW_CLIENT. cV=dI5147ZJroVYEeGgsIXTXU}
{"logTime": "0404/180235", "correlationVector":"dI5147ZJroVYEeGgsIXTXU.3","action":"GetUpdates Response", "result":"Success", "context":Received 1 update(s). cV=dI5147ZJroVYEeGgsIXTXU.0;server=akswtt10300000l;cloudType=Consumer;environment=Prod_southindia_prod-s01-004-apac-southindia;migrationStage=NotStarted}
{"logTime": "0404/180235", "correlationVector":"QZj7DGZodfVcjCsZuxBXdm","action":"Initial GetUpdates", "result":"", "context":Reason: NEWLY_SUPPORTED_DATATYPE. cV=QZj7DGZodfVcjCsZuxBXdm}
{"logTime": "0404/180235", "correlationVector":"QZj7DGZodfVcjCsZuxBXdm.1","action":"SyncServerConnectionManagerRequest", "result":"SYNC_SERVER_OK", "context":{"environment":"Prod_southindia_prod-s01-004-apac-southindia", "migrationStage":"NotStarted", "server":"akswtt10300001n"}}
{"logTime": "0404/180235", "correlationVector":"QZj7DGZodfVcjCsZuxBXdm.2","action":"ProcessGetUpdates", "result":"Done", "context":{"dataType":"Device Info", "deleted":"0", "process_failed_to_decrypt":"0", "process_pending_decryption":"0", "process_success":"16", "total":"16"}}
{"logTime": "0404/180235", "correlationVector":"QZj7DGZodfVcjCsZuxBXdm.3","action":"GetUpdates Response", "result":"Success", "context":Received 16 update(s). cV=QZj7DGZodfVcjCsZuxBXdm.0;server=akswtt10300001n;cloudType=Consumer;environment=Prod_southindia_prod-s01-004-apac-southindia;migrationStage=NotStarted}
{"logTime": "0404/180236", "correlationVector":"cKR5oLIJRyZXHdm9A4kivS","action":"Initial GetUpdates", "result":"", "context":Reason: NEWLY_SUPPORTED_DATATYPE. cV=cKR5oLIJRyZXHdm9A4kivS}
{"logTime": "0404/180236", "correlationVector":"cKR5oLIJRyZXHdm9A4kivS.1","action":"SyncServerConnectionManagerRequest", "result":"SYNC_SERVER_OK", "context":{"environment":"Prod_southindia_prod-s01-004-apac-southindia", "migrationStage":"NotStarted", "server":"akswtt103000000"}}
{"logTime": "0404/180236", "correlationVector":"cKR5oLIJRyZXHdm9A4kivS.2","action":"ProcessGetUpdates", "result":"Done", "context":{"dataType":"Extensions", "deleted":"0", "process_failed_to_decrypt":"0", "process_pending_decryption":"0", "process_success":"8", "total":"8"}}
{"logTime": "0404/180236", "correlationVector":"cKR5oLIJRyZXHdm9A4kivS.3","action":"ProcessGetUpdates", "result":"Done", "context":{"dataType":"Extension settings", "deleted":"0", "process_failed_to_decrypt":"0", "process_pending_decryption":"0", "process_success":"4", "total":"4"}}
{"logTime": "0404/180236", "correlationVector":"cKR5oLIJRyZXHdm9A4kivS.4","action":"GetUpdates Response", "result":"Success", "context":Received 12 update(s). cV=cKR5oLIJRyZXHdm9A4kivS.0;server=akswtt103000000;cloudType=Consumer;environment=Prod_southindia_prod-s01-004-apac-southindia;migrationStage=NotStarted}
{"logTime": "0404/180236", "correlationVector":"jzFE/BiOwgTKdtxV01aJge","action":"Normal GetUpdate request", "result":"", "context":cV=jzFE/BiOwgTKdtxV01aJge
Nudged types: Device Info
Refresh requested types: Extensions, Extension settings, Device Info, User Consents, Send Tab To Self, Web Apps, Encryption Keys}
{"logTime": "0404/180236", "correlationVector":"jzFE/BiOwgTKdtxV01aJge.1","action":"SyncServerConnectionManagerRequest", "result":"SYNC_SERVER_OK", "context":{"environment":"Prod_southindia_prod-s01-004-apac-southindia", "migrationStage":"NotStarted", "server":"akswtt10300000a"}}
{"logTime": "0404/180236", "correlationVector":"jzFE/BiOwgTKdtxV01aJge.2","action":"GetUpdates Response", "result":"Success", "context":Received 0 update(s). cV=jzFE/BiOwgTKdtxV01aJge.0;server=akswtt10300000a;cloudType=Consumer;environment=Prod_southindia_prod-s01-004-apac-southindia;migrationStage=NotStarted}
{"logTime": "0404/180236", "correlationVector":"kNN5wc4eNEfJ8iHtj8VgD6","action":"DoCompareDataConsistency requsted types: ", "result":"Extensions, Extension settings, Send Tab To Self, Web Apps, Encryption Keys"}
{"logTime": "0404/180236", "correlationVector":"kNN5wc4eNEfJ8iHtj8VgD6.0","action":"CompareDataConsistency result: ", "result":"Compare result: Encryption Keys is consistent. local entities count is: 1 local entities hash is: ZgsgKYxe09ErLFvV7LOWhO//VqU="}
{"logTime": "0404/180236", "correlationVector":"kNN5wc4eNEfJ8iHtj8VgD6.1","action":"CompareDataConsistency result: ", "result":"Compare result: Extensions is consistent. local entities count is: 8 local entities hash is: rTNUKOOxaZvfVr1RrBOWkdMAz6g="}
{"logTime": "0404/180236", "correlationVector":"kNN5wc4eNEfJ8iHtj8VgD6.2","action":"CompareDataConsistency result: ", "result":"Compare result: Extension settings is consistent. local entities count is: 4 local entities hash is: sooazzyyH6JTppCcGblDm+Vew4E="}
{"logTime": "0404/180236", "correlationVector":"kNN5wc4eNEfJ8iHtj8VgD6.3","action":"CompareDataConsistency result: ", "result":"Server did not send this Send Tab To Self local entities count is: 0 local entities hash is: "}
{"logTime": "0404/180236", "correlationVector":"kNN5wc4eNEfJ8iHtj8VgD6.4","action":"CompareDataConsistency result: ", "result":"Compare result: Web Apps is consistent. local entities count is: 0 local entities hash is: "}
{"logTime": "0404/180236", "correlationVector":"VJuD87J1Gp+Z7uHi5hJsj6","action":"Commit Request", "result":"", "context":Item count: 1
Contributing types: Device Info}
{"logTime": "0404/180237", "correlationVector":"VJuD87J1Gp+Z7uHi5hJsj6.1","action":"SyncServerConnectionManagerRequest", "result":"SYNC_SERVER_OK", "context":{"environment":"Prod_southindia_prod-s01-004-apac-southindia", "migrationStage":"NotStarted", "server":"akswtt103000000"}}
{"logTime": "0404/180237", "correlationVector":"VJuD87J1Gp+Z7uHi5hJsj6.2","action":"Commit Response", "result":"Success", "context":Result: Success. cV=VJuD87J1Gp+Z7uHi5hJsj6.0;server=akswtt103000000;cloudType=Consumer;environment=Prod_southindia_prod-s01-004-apac-southindia;migrationStage=NotStarted}
{"logTime": "0404/180237", "correlationVector":"","action":"DIAGNOSTIC_REQUEST|v1/diagnosticData/Diagnostic.SendCheckResult()|SUCCESS", "result":""}
{"logTime": "0404/180302", "correlationVector":"","action":"Microsoft.Sync.State.UserActionableError.30Sec", "result":"Error:7"}
{"logTime": "0404/180302", "correlationVector":"","action":"Microsoft.Sync.State.Sign.In.UserActionableError.30Sec", "result":"Error:7"}
{"logTime": "0404/180332", "correlationVector":"","action":"Microsoft.Sync.State.UserActionableError.1Min", "result":"Error:7"}
{"logTime": "0404/180332", "correlationVector":"","action":"Microsoft.Sync.State.Sign.In.UserActionableError.1Min", "result":"Error:7"}
{"logTime": "0404/180432", "correlationVector":"","action":"Microsoft.Sync.State.UserActionableError.2Min", "result":"Error:7"}
{"logTime": "0404/180432", "correlationVector":"","action":"Microsoft.Sync.State.Sign.In.UserActionableError.2Min", "result":"Error:7"}
{"logTime": "0404/180732", "correlationVector":"","action":"Microsoft.Sync.State.UserActionableError.5Min", "result":"Error:7"}
{"logTime": "0404/180732", "correlationVector":"","action":"Microsoft.Sync.State.Sign.In.UserActionableError.5Min", "result":"Error:7"}
