2026-04-04 18:02:26.710: [INFO][Sync] Reset engine, reason: 8
2026-04-04 18:02:26.710: [INFO][Sync] Stopped: Bookmarks
2026-04-04 18:02:26.710: [INFO][Sync] Stopped: Preferences
2026-04-04 18:02:26.710: [INFO][Sync] Stopped: Passwords
2026-04-04 18:02:26.710: [INFO][Sync] Stopped: Autofill Profiles
2026-04-04 18:02:26.710: [INFO][Sync] Stopped: Autofill
2026-04-04 18:02:26.710: [INFO][Sync] Stopped: Extensions
2026-04-04 18:02:26.710: [INFO][Sync] Stopped: Sessions
2026-04-04 18:02:26.710: [INFO][Sync] Stopped: Extension settings
2026-04-04 18:02:26.710: [INFO][Sync] Stopped: History Delete Directives
2026-04-04 18:02:26.710: [INFO][Sync] Stopped: Device Info
2026-04-04 18:02:26.710: [INFO][Sync] Stopped: User Consents
2026-04-04 18:02:26.710: [INFO][Sync] Stopped: Send Tab To Self
2026-04-04 18:02:26.710: [INFO][Sync] Stopped: Web Apps
2026-04-04 18:02:26.710: [INFO][Sync] Stopped: History
2026-04-04 18:02:26.710: [INFO][Sync] Stopped: Saved Tab Group
2026-04-04 18:02:26.710: [INFO][Sync] Stopped: WebAuthn Credentials
2026-04-04 18:02:26.710: [INFO][Sync] Stopped: Collection
2026-04-04 18:02:26.710: [INFO][Sync] Stopped: Edge E Drop
2026-04-04 18:02:26.710: [INFO][Sync] Stopped: Edge Hub App Usage
2026-04-04 18:02:26.710: [INFO][Sync] Stopped: Edge Wallet
2026-04-04 18:02:26.710: [INFO][Sync] Stopped: Edge Workspace
2026-04-04 18:02:26.710: [INFO][Sync] SyncState after authenticated was: NotSignedIn
2026-04-04 18:02:27.051: [INFO][Sync] Reset engine, reason: 8
2026-04-04 18:02:27.051: [INFO][Sync] Stopped: Bookmarks
2026-04-04 18:02:27.051: [INFO][Sync] Stopped: Preferences
2026-04-04 18:02:27.051: [INFO][Sync] Stopped: Passwords
2026-04-04 18:02:27.051: [INFO][Sync] Stopped: Autofill Profiles
2026-04-04 18:02:27.051: [INFO][Sync] Stopped: Autofill
2026-04-04 18:02:27.051: [INFO][Sync] Stopped: Extensions
2026-04-04 18:02:27.051: [INFO][Sync] Stopped: Sessions
2026-04-04 18:02:27.051: [INFO][Sync] Stopped: Extension settings
2026-04-04 18:02:27.051: [INFO][Sync] Stopped: History Delete Directives
2026-04-04 18:02:27.051: [INFO][Sync] Stopped: Device Info
2026-04-04 18:02:27.051: [INFO][Sync] Stopped: User Consents
2026-04-04 18:02:27.051: [INFO][Sync] Stopped: Send Tab To Self
2026-04-04 18:02:27.051: [INFO][Sync] Stopped: Web Apps
2026-04-04 18:02:27.051: [INFO][Sync] Stopped: History
2026-04-04 18:02:27.051: [INFO][Sync] Stopped: Saved Tab Group
2026-04-04 18:02:27.051: [INFO][Sync] Stopped: WebAuthn Credentials
2026-04-04 18:02:27.051: [INFO][Sync] Stopped: Collection
2026-04-04 18:02:27.051: [INFO][Sync] Stopped: Edge E Drop
2026-04-04 18:02:27.051: [INFO][Sync] Stopped: Edge Hub App Usage
2026-04-04 18:02:27.051: [INFO][Sync] Stopped: Edge Wallet
2026-04-04 18:02:27.051: [INFO][Sync] Stopped: Edge Workspace
2026-04-04 18:02:32.890: [INFO][Sync] Try to start sync engine
2026-04-04 18:02:32.918: [INFO][SyncManagerImpl::NudgeForInitialDownload] Initial download nudge for Encryption Keys
2026-04-04 18:02:32.918: [INFO][SyncEngineBackend::LoadAndConnectNigoriController] Load and connect Nigori controller
2026-04-04 18:02:32.918: [INFO][SyncEngineBackend::DoInitialize] Control Types added: Encryption Keys
2026-04-04 18:02:32.918: [INFO][SyncManagerImpl::ConfigureSyncer] Types to download: Encryption Keys with reason: 3
2026-04-04 18:02:32.924: [INFO][SyncSchedulerImpl::DoConfigurationSyncCycleJob] Configure job was blocked
2026-04-04 18:02:32.933: [INFO][SyncAuthManager::SetLastAuthError] Current auth error: None
2026-04-04 18:02:32.933: [INFO][SyncAuthManager::EdgeLogTokenErrorState] Token error with: None for account type: MSA
2026-04-04 18:02:32.933: [INFO][Sync] Credentials changed for: EdgeSyncScopeNew
2026-04-04 18:02:34.193: [INFO][SyncAuthManager::SetLastAuthError] Current auth error: None
2026-04-04 18:02:34.193: [INFO][SyncAuthManager::EdgeLogTokenErrorState] Token error with: None for account type: MSA
2026-04-04 18:02:34.194: [INFO][Sync] Credentials changed for: EdgeSyncKeyDataScope
2026-04-04 18:02:34.194: [INFO][SyncEngineBackend::DoUpdateKeyDataCredentials] Update key data credentials
2026-04-04 18:02:34.194: [INFO][SyncEngineBackend::DoUpdateCredentials] Update credentials
2026-04-04 18:02:34.194: [INFO][SyncSchedulerImpl::DoConfigurationSyncCycleJob] Blocked types:  and types to download: Encryption Keys
2026-04-04 18:02:35.241: [INFO][Sync] Started DataTypeManager configuration, reason: 4
2026-04-04 18:02:35.242: [INFO][Sync] Configuring for: Extensions, Extension settings, Device Info, User Consents, Send Tab To Self, Web Apps, Encryption Keys, reason: 3, current state: 0
2026-04-04 18:02:35.242: [WARN][Sync] Crypto error data types: 
2026-04-04 18:02:35.243: [INFO][Sync] Configure, desired: Extensions, Extension settings, Device Info, User Consents, Send Tab To Self, Web Apps, Encryption Keys; Allow fail: 
2026-04-04 18:02:35.243: [INFO][Sync] Loading: Extensions
2026-04-04 18:02:35.243: [INFO][Sync] Loading: Extension settings
2026-04-04 18:02:35.244: [INFO][Sync] Loading: Device Info
2026-04-04 18:02:35.244: [INFO][Sync] Loading: User Consents
2026-04-04 18:02:35.244: [INFO][Sync] Loading: Send Tab To Self
2026-04-04 18:02:35.244: [INFO][Sync] Loading: Web Apps
2026-04-04 18:02:35.244: [INFO][Sync] All data types are ready for configure.
2026-04-04 18:02:35.697: [INFO][Sync] Started DataTypeManager configuration, reason: 5
2026-04-04 18:02:35.697: [INFO][Sync] Configuring for: Extensions, Extension settings, Device Info, User Consents, Send Tab To Self, Web Apps, Encryption Keys, reason: 5, current state: 1
2026-04-04 18:02:35.708: [INFO][SyncEngineBackend::DoStartConfiguration] Start configuration
2026-04-04 18:02:35.709: [INFO][SyncManagerImpl::NudgeForInitialDownload] Initial download nudge for Extensions
2026-04-04 18:02:35.709: [INFO][SyncManagerImpl::NudgeForInitialDownload] Initial download nudge for Extension settings
2026-04-04 18:02:35.709: [INFO][SyncManagerImpl::NudgeForInitialDownload] Initial download nudge for Device Info
2026-04-04 18:02:35.709: [INFO][SyncManagerImpl::NudgeForInitialDownload] Initial download nudge for Send Tab To Self
2026-04-04 18:02:35.709: [INFO][SyncManagerImpl::NudgeForInitialDownload] Initial download nudge for Web Apps
2026-04-04 18:02:35.709: [INFO][SyncManagerImpl::ConfigureSyncer] Types to download:  with reason: 3
2026-04-04 18:02:35.709: [INFO][SyncEngineBackend::DoFinishConfigureDataTypes] Failed to download types:  and succeeded types: 
2026-04-04 18:02:35.709: [INFO][Sync] ConfigurationDone, failed: , succeeded: , remaining count: 2
2026-04-04 18:02:35.709: [WARN][Sync]     Reconfigure requested while configuration ongoing.
2026-04-04 18:02:35.709: [INFO][Sync] Configuring for: Extensions, Extension settings, Device Info, User Consents, Send Tab To Self, Web Apps, Encryption Keys, reason: 5, current state: 2
2026-04-04 18:02:35.709: [INFO][Sync] Configure, desired: Extensions, Extension settings, Device Info, User Consents, Send Tab To Self, Web Apps, Encryption Keys; Allow fail: 
2026-04-04 18:02:35.709: [INFO][Sync] All data types are ready for configure.
2026-04-04 18:02:35.710: [INFO][SyncManagerImpl::ConfigureSyncer] Types to download:  with reason: 5
2026-04-04 18:02:35.710: [INFO][SyncEngineBackend::DoFinishConfigureDataTypes] Failed to download types:  and succeeded types: 
2026-04-04 18:02:35.710: [INFO][Sync] ConfigurationDone, failed: , succeeded: , remaining count: 2
2026-04-04 18:02:35.710: [INFO][Sync] Prepare to configure types: Device Info, Send Tab To Self, Encryption Keys
2026-04-04 18:02:35.710: [INFO][SyncManagerImpl::ConfigureSyncer] Types to download: Device Info, Send Tab To Self, Encryption Keys with reason: 5
2026-04-04 18:02:35.710: [INFO][SyncSchedulerImpl::DoConfigurationSyncCycleJob] Blocked types:  and types to download: Device Info, Send Tab To Self, Encryption Keys
2026-04-04 18:02:36.061: [INFO][SyncEngineBackend::DoFinishConfigureDataTypes] Failed to download types:  and succeeded types: Device Info, Send Tab To Self, Encryption Keys
2026-04-04 18:02:36.062: [INFO][Sync] ConfigurationDone, failed: , succeeded: Device Info, Send Tab To Self, Encryption Keys, remaining count: 1
2026-04-04 18:02:36.063: [INFO][Sync] Prepare to configure types: Extensions, Extension settings, Web Apps, Encryption Keys
2026-04-04 18:02:36.125: [INFO][SyncManagerImpl::ConfigureSyncer] Types to download: Extensions, Extension settings, Web Apps, Encryption Keys with reason: 5
2026-04-04 18:02:36.125: [INFO][SyncSchedulerImpl::DoConfigurationSyncCycleJob] Blocked types:  and types to download: Extensions, Extension settings, Web Apps, Encryption Keys
2026-04-04 18:02:36.325: [INFO][SyncEngineBackend::DoFinishConfigureDataTypes] Failed to download types:  and succeeded types: Extensions, Extension settings, Web Apps, Encryption Keys
2026-04-04 18:02:36.327: [INFO][Sync] ConfigurationDone, failed: , succeeded: Extensions, Extension settings, Web Apps, Encryption Keys, remaining count: 0
2026-04-04 18:02:36.328: [INFO][Sync]     Configuration completed, state: 7
2026-04-04 18:02:36.328: [INFO][Sync] Configured DataTypeManager: Ok
2026-04-04 18:02:36.333: [INFO][SyncEngineBackend::DoStartSyncing] Start syncing
