{"logTime": "0404/174534", "correlationVector":"jww/QxpYy5Tag3pA1Ycd81.1","action":"SyncServerConnectionManagerRequest", "result":"SYNC_SERVER_OK", "context":{"environment":"Prod_southindia_prod-s01-004-apac-southindia", "migrationStage":"NotStarted", "server":"akswtt10300000m"}}
{"logTime": "0404/174534", "correlationVector":"jww/QxpYy5Tag3pA1Ycd81.2","action":"ProcessGetUpdates", "result":"Done", "context":{"dataType":"Encryption Keys", "deleted":"0", "process_failed_to_decrypt":"0", "process_pending_decryption":"0", "process_success":"1", "total":"1"}}
{"logTime": "0404/174534", "correlationVector":"efKVzOk5v7cEZ+D9eJD3lP","action":"SyncServerConnectionManagerRequest", "result":"SYNC_SERVER_OK", "context":{"environment":"", "migrationStage":"", "server":""}}
{"logTime": "0404/174534", "correlationVector":"efKVzOk5v7cEZ+D9eJD3lP.0","action":"EncryptionKeysFetcher.DownloadKeys:", "result":"Success", "context":Key count: 10, Last key timestamp: 2026-03-28T02:09:00Z}
{"logTime": "0404/174534", "correlationVector":"efKVzOk5v7cEZ+D9eJD3lP.1","action":"EncryptionKeysManager::SetEncryptionKeys:", "result":"Success", "context":Key names[10]:[twnOPVecssUh5W8b8YpR+yEOCFiQ+7NHI6vx1fonmS/rjoYjS+sG1Y/EABgZJu0qPqVO6FuyqFwPLVjTMnGSKg==][5TyoIiWxxOs1MKv4oPG+ZvwpZ8ngGpMeF3vLolxgfoR43L5JgMyULKmy8kFJaXgki38d0DbNzVzOTEB/0RqkTw==][LsxcN+3EageQM5eYXrrQUOW+kHtZriebEP676RZmvWkS9Ark42tHwFaUdIBJJOXFhzJl6LBgcQCn/oEN75aT5Q==][qPMY/GLovwHkl1hFhQS57YhxrOcw1361q+p2eqTf1fOdvjahL5KGZ1jaPg0GVCGV6CowW307jvqZWSk1Z3mkjA==][yTCX2TkPxr94HOVZ/oyQXzV1CNEwXKHESZ02A8Bhy+AWuaO6vT042GHj3aaEJGGIXfjMedtqY30Nczu48R5pwA==][G0zUk52Mb7fb+HDDYb+z9PNtztCTDF452NN7PoIrl3dNJW0gSkEck+0TRxUngeh0QUlGn+gPmjL7vjxP0ksiJw==][N+nkThGjxB4THTqLZ9FdLULc0W5fYObmUIPujORKjOaID5evwOklMd6yLMf6ODzGXeiTj3EfAWBdz1a6M3ZiIQ==][OAJ4LbuC0DHvQNReoaTjFis0WWkfDfH6XcZgbuVsYW9TbGD6/oMa9kgo8BvSPb25pmoDHkv73eOsTOYvhVXUaQ==][Pg834MzM8THWDnybv5+CfC8+Uuyk8pLPLdFgDL/fQFPEo/66Yxucv4CdXWZ1PioOvg8QfgEGiUq/WGpaxGRF0w==][EN5kdT1jCBdQiLKeHkQoZhMpVvko8f+w/bYLL1+n4xkYdgJs/vQ13VouZNDL3vQX5owtQloH/PbXY9BOfBKEPg==]}
{"logTime": "0404/174534", "correlationVector":"efKVzOk5v7cEZ+D9eJD3lP.2","action":"EncryptionKeysManager::SetEncryptionKeysWithTimestamps:", "result":"Success", "context":Key timestamps[10]:[2022-06-07T08:52:36Z][2022-12-05T03:51:52Z][2023-06-06T08:40:36Z][2023-07-10T11:38:20Z][2024-01-07T06:09:46Z][2024-03-09T09:55:44Z][2024-09-07T07:29:09Z][2025-03-29T12:04:27Z][2025-09-27T08:04:47Z][2026-03-28T02:09:00Z]}
{"logTime": "0404/174534", "correlationVector":"jww/QxpYy5Tag3pA1Ycd81","action":"Initial GetUpdates", "result":"", "context":Reason: NEW_CLIENT. cV=jww/QxpYy5Tag3pA1Ycd81}
{"logTime": "0404/174534", "correlationVector":"jww/QxpYy5Tag3pA1Ycd81.3","action":"GetUpdates Response", "result":"Success", "context":Received 1 update(s). cV=jww/QxpYy5Tag3pA1Ycd81.0;server=akswtt10300000m;cloudType=Consumer;environment=Prod_southindia_prod-s01-004-apac-southindia;migrationStage=NotStarted}
{"logTime": "0404/174534", "correlationVector":"ZzBT5CzMV3+qd3af/d8qet","action":"Initial GetUpdates", "result":"", "context":Reason: NEWLY_SUPPORTED_DATATYPE. cV=ZzBT5CzMV3+qd3af/d8qet}
{"logTime": "0404/174535", "correlationVector":"ZzBT5CzMV3+qd3af/d8qet.1","action":"SyncServerConnectionManagerRequest", "result":"SYNC_SERVER_OK", "context":{"environment":"Prod_southindia_prod-s01-004-apac-southindia", "migrationStage":"NotStarted", "server":"akswtt10300000c"}}
{"logTime": "0404/174535", "correlationVector":"ZzBT5CzMV3+qd3af/d8qet.2","action":"ProcessGetUpdates", "result":"Done", "context":{"dataType":"Preferences", "deleted":"0", "process_failed_to_decrypt":"0", "process_pending_decryption":"0", "process_success":"88", "total":"88"}}
{"logTime": "0404/174535", "correlationVector":"ZzBT5CzMV3+qd3af/d8qet.3","action":"ProcessGetUpdates", "result":"Done", "context":{"dataType":"Passwords", "deleted":"0", "process_failed_to_decrypt":"0", "process_pending_decryption":"0", "process_success":"16", "total":"16"}}
{"logTime": "0404/174535", "correlationVector":"ZzBT5CzMV3+qd3af/d8qet.4","action":"ProcessGetUpdates", "result":"Done", "context":{"dataType":"Device Info", "deleted":"0", "process_failed_to_decrypt":"0", "process_pending_decryption":"0", "process_success":"15", "total":"15"}}
{"logTime": "0404/174535", "correlationVector":"ZzBT5CzMV3+qd3af/d8qet.5","action":"GetUpdates Response", "result":"Success", "context":Received 119 update(s). cV=ZzBT5CzMV3+qd3af/d8qet.0;server=akswtt10300000c;cloudType=Consumer;environment=Prod_southindia_prod-s01-004-apac-southindia;migrationStage=NotStarted}
{"logTime": "0404/174535", "correlationVector":"7x1yUFV2OIhqU0aQOr/I8n","action":"Initial GetUpdates", "result":"", "context":Reason: NEWLY_SUPPORTED_DATATYPE. cV=7x1yUFV2OIhqU0aQOr/I8n}
{"logTime": "0404/174535", "correlationVector":"7x1yUFV2OIhqU0aQOr/I8n.1","action":"SyncServerConnectionManagerRequest", "result":"SYNC_SERVER_OK", "context":{"environment":"Prod_southindia_prod-s01-004-apac-southindia", "migrationStage":"NotStarted", "server":"akswtt10300000m"}}
{"logTime": "0404/174535", "correlationVector":"7x1yUFV2OIhqU0aQOr/I8n.2","action":"ProcessGetUpdates", "result":"Done", "context":{"dataType":"Bookmarks", "deleted":"0", "process_failed_to_decrypt":"0", "process_pending_decryption":"0", "process_success":"17", "total":"17"}}
{"logTime": "0404/174535", "correlationVector":"7x1yUFV2OIhqU0aQOr/I8n.3","action":"GetUpdates Response", "result":"Success", "context":Received 17 update(s). cV=7x1yUFV2OIhqU0aQOr/I8n.0;server=akswtt10300000m;cloudType=Consumer;environment=Prod_southindia_prod-s01-004-apac-southindia;migrationStage=NotStarted}
{"logTime": "0404/174535", "correlationVector":"X7Dv7mkyTfHC1MeDrt56Kl","action":"Initial GetUpdates", "result":"", "context":Reason: NEWLY_SUPPORTED_DATATYPE. cV=X7Dv7mkyTfHC1MeDrt56Kl}
{"logTime": "0404/174536", "correlationVector":"X7Dv7mkyTfHC1MeDrt56Kl.1","action":"SyncServerConnectionManagerRequest", "result":"SYNC_SERVER_OK", "context":{"environment":"Prod_southindia_prod-s01-004-apac-southindia", "migrationStage":"NotStarted", "server":"akswtt10300000j"}}
{"logTime": "0404/174536", "correlationVector":"X7Dv7mkyTfHC1MeDrt56Kl.2","action":"ProcessGetUpdates", "result":"Done", "context":{"dataType":"Autofill Profiles", "deleted":"0", "process_failed_to_decrypt":"0", "process_pending_decryption":"0", "process_success":"1", "total":"1"}}
{"logTime": "0404/174536", "correlationVector":"X7Dv7mkyTfHC1MeDrt56Kl.3","action":"ProcessGetUpdates", "result":"Done", "context":{"dataType":"Autofill", "deleted":"0", "process_failed_to_decrypt":"0", "process_pending_decryption":"0", "process_success":"2", "total":"2"}}
{"logTime": "0404/174536", "correlationVector":"X7Dv7mkyTfHC1MeDrt56Kl.4","action":"ProcessGetUpdates", "result":"Done", "context":{"dataType":"Extensions", "deleted":"0", "process_failed_to_decrypt":"0", "process_pending_decryption":"0", "process_success":"8", "total":"8"}}
{"logTime": "0404/174536", "correlationVector":"X7Dv7mkyTfHC1MeDrt56Kl.5","action":"ProcessGetUpdates", "result":"Done", "context":{"dataType":"Sessions", "deleted":"3", "process_failed_to_decrypt":"0", "process_pending_decryption":"0", "process_success":"24", "total":"24"}}
{"logTime": "0404/174536", "correlationVector":"X7Dv7mkyTfHC1MeDrt56Kl.6","action":"ProcessGetUpdates", "result":"Done", "context":{"dataType":"Extension settings", "deleted":"0", "process_failed_to_decrypt":"0", "process_pending_decryption":"0", "process_success":"4", "total":"4"}}
{"logTime": "0404/174536", "correlationVector":"X7Dv7mkyTfHC1MeDrt56Kl.7","action":"ProcessGetUpdates", "result":"Done", "context":{"dataType":"Edge Hub App Usage", "deleted":"2", "process_failed_to_decrypt":"0", "process_pending_decryption":"0", "process_success":"8", "total":"8"}}
{"logTime": "0404/174536", "correlationVector":"X7Dv7mkyTfHC1MeDrt56Kl.8","action":"GetUpdates Response", "result":"Success", "context":Received 47 update(s). cV=X7Dv7mkyTfHC1MeDrt56Kl.0;server=akswtt10300000j;cloudType=Consumer;environment=Prod_southindia_prod-s01-004-apac-southindia;migrationStage=NotStarted}
{"logTime": "0404/174536", "correlationVector":"2evC24mFaTntyFxfVwGo4G","action":"Initial GetUpdates", "result":"", "context":Reason: NEWLY_SUPPORTED_DATATYPE. cV=2evC24mFaTntyFxfVwGo4G}
{"logTime": "0404/174536", "correlationVector":"2evC24mFaTntyFxfVwGo4G.1","action":"SyncServerConnectionManagerRequest", "result":"SYNC_SERVER_OK", "context":{"environment":"Prod_southindia_prod-s01-004-apac-southindia", "migrationStage":"NotStarted", "server":"akswtt103000007"}}
{"logTime": "0404/174536", "correlationVector":"2evC24mFaTntyFxfVwGo4G.2","action":"ProcessGetUpdates", "result":"Done", "context":{"dataType":"History", "deleted":"0", "process_failed_to_decrypt":"0", "process_pending_decryption":"0", "process_success":"15", "total":"15"}}
{"logTime": "0404/174536", "correlationVector":"2evC24mFaTntyFxfVwGo4G.3","action":"GetUpdates Response", "result":"Success", "context":Received 15 update(s). cV=2evC24mFaTntyFxfVwGo4G.0;server=akswtt103000007;cloudType=Consumer;environment=Prod_southindia_prod-s01-004-apac-southindia;migrationStage=NotStarted}
{"logTime": "0404/174536", "correlationVector":"mK3IyChzxsglmpS+uM7Ma0","action":"Normal GetUpdate request", "result":"", "context":cV=mK3IyChzxsglmpS+uM7Ma0
Nudged types: Sessions, Device Info, User Consents
Refresh requested types: Bookmarks, Preferences, Passwords, Autofill Profiles, Autofill, Extensions, Sessions, Extension settings, History Delete Directives, Device Info, User Consents, Send Tab To Self, Web Apps, History, Saved Tab Group, WebAuthn Credentials, Collection, Edge E Drop, Edge Hub App Usage, Edge Wallet, Edge Workspace, Encryption Keys}
{"logTime": "0404/174536", "correlationVector":"mK3IyChzxsglmpS+uM7Ma0.1","action":"SyncServerConnectionManagerRequest", "result":"SYNC_SERVER_OK", "context":{"environment":"Prod_southindia_prod-s01-004-apac-southindia", "migrationStage":"NotStarted", "server":"akswtt10300000r"}}
{"logTime": "0404/174536", "correlationVector":"mK3IyChzxsglmpS+uM7Ma0.2","action":"GetUpdates Response", "result":"Success", "context":Received 0 update(s). cV=mK3IyChzxsglmpS+uM7Ma0.0;server=akswtt10300000r;cloudType=Consumer;environment=Prod_southindia_prod-s01-004-apac-southindia;migrationStage=NotStarted}
{"logTime": "0404/174536", "correlationVector":"sK+oqN47iU7zMnS1A4RNEq","action":"DoCompareDataConsistency: ", "result":"has local changes and skip compare"}
{"logTime": "0404/174536", "correlationVector":"hz/KEy2TVthnkZeNa1Y3TR","action":"Commit Request", "result":"", "context":Item count: 10
Contributing types: Preferences, Passwords, Sessions, Device Info, User Consents}
{"logTime": "0404/174537", "correlationVector":"hz/KEy2TVthnkZeNa1Y3TR.1","action":"SyncServerConnectionManagerRequest", "result":"SYNC_SERVER_OK", "context":{"environment":"Prod_southindia_prod-s01-004-apac-southindia", "migrationStage":"NotStarted", "server":"akswtt10300000c"}}
{"logTime": "0404/174537", "correlationVector":"hz/KEy2TVthnkZeNa1Y3TR.2","action":"Commit Response", "result":"Success", "context":Result: Success. cV=hz/KEy2TVthnkZeNa1Y3TR.0;server=akswtt10300000c;cloudType=Consumer;environment=Prod_southindia_prod-s01-004-apac-southindia;migrationStage=NotStarted}
{"logTime": "0404/174627", "correlationVector":"R4s7iDgk5oYrexj8FdOgSJ","action":"Commit Request", "result":"", "context":Item count: 15
Contributing types: Passwords, Sessions, History}
{"logTime": "0404/174628", "correlationVector":"R4s7iDgk5oYrexj8FdOgSJ.1","action":"SyncServerConnectionManagerRequest", "result":"SYNC_SERVER_OK", "context":{"environment":"Prod_southindia_prod-s01-004-apac-southindia", "migrationStage":"NotStarted", "server":"akswtt10300000m"}}
{"logTime": "0404/174628", "correlationVector":"R4s7iDgk5oYrexj8FdOgSJ.2","action":"Commit Response", "result":"Success", "context":Result: Success. cV=R4s7iDgk5oYrexj8FdOgSJ.0;server=akswtt10300000m;cloudType=Consumer;environment=Prod_southindia_prod-s01-004-apac-southindia;migrationStage=NotStarted}
{"logTime": "0404/174742", "correlationVector":"9B4S3cPSE9aQ5XzK16KTMP","action":"Commit Request", "result":"", "context":Item count: 5
Contributing types: Sessions, History}
{"logTime": "0404/174742", "correlationVector":"9B4S3cPSE9aQ5XzK16KTMP.1","action":"SyncServerConnectionManagerRequest", "result":"SYNC_SERVER_OK", "context":{"environment":"Prod_southindia_prod-s01-004-apac-southindia", "migrationStage":"NotStarted", "server":"akswtt10300001f"}}
{"logTime": "0404/174742", "correlationVector":"9B4S3cPSE9aQ5XzK16KTMP.2","action":"Commit Response", "result":"Success", "context":Result: Success. cV=9B4S3cPSE9aQ5XzK16KTMP.0;server=akswtt10300001f;cloudType=Consumer;environment=Prod_southindia_prod-s01-004-apac-southindia;migrationStage=NotStarted}
{"logTime": "0404/180237", "correlationVector":"qlLcXBJETrN/tjVPEbXLuQ","action":"Normal GetUpdate request", "result":"", "context":cV=qlLcXBJETrN/tjVPEbXLuQ
Notified types: Device Info}
{"logTime": "0404/180238", "correlationVector":"qlLcXBJETrN/tjVPEbXLuQ.1","action":"SyncServerConnectionManagerRequest", "result":"SYNC_SERVER_OK", "context":{"environment":"Prod_southindia_prod-s01-004-apac-southindia", "migrationStage":"NotStarted", "server":"akswtt10300000a"}}
{"logTime": "0404/180238", "correlationVector":"qlLcXBJETrN/tjVPEbXLuQ.2","action":"ProcessGetUpdates", "result":"Done", "context":{"dataType":"Preferences", "deleted":"0", "process_failed_to_decrypt":"0", "process_pending_decryption":"0", "process_success":"1", "total":"1"}}
{"logTime": "0404/180238", "correlationVector":"qlLcXBJETrN/tjVPEbXLuQ.3","action":"ProcessGetUpdates", "result":"Done", "context":{"dataType":"Passwords", "deleted":"0", "process_failed_to_decrypt":"0", "process_pending_decryption":"0", "process_success":"12", "total":"12"}}
{"logTime": "0404/180238", "correlationVector":"qlLcXBJETrN/tjVPEbXLuQ.4","action":"ProcessGetUpdates", "result":"Done", "context":{"dataType":"Sessions", "deleted":"0", "process_failed_to_decrypt":"0", "process_pending_decryption":"0", "process_success":"5", "total":"5"}}
{"logTime": "0404/180238", "correlationVector":"qlLcXBJETrN/tjVPEbXLuQ.5","action":"ProcessGetUpdates", "result":"Done", "context":{"dataType":"Device Info", "deleted":"0", "process_failed_to_decrypt":"0", "process_pending_decryption":"0", "process_success":"2", "total":"2"}}
{"logTime": "0404/180238", "correlationVector":"qlLcXBJETrN/tjVPEbXLuQ.6","action":"ProcessGetUpdates", "result":"Done", "context":{"dataType":"History", "deleted":"0", "process_failed_to_decrypt":"0", "process_pending_decryption":"0", "process_success":"3", "total":"3"}}
{"logTime": "0404/180238", "correlationVector":"qlLcXBJETrN/tjVPEbXLuQ.7","action":"GetUpdates Response", "result":"Success", "context":Received 23 update(s). cV=qlLcXBJETrN/tjVPEbXLuQ.0;server=akswtt10300000a;cloudType=Consumer;environment=Prod_southindia_prod-s01-004-apac-southindia;migrationStage=NotStarted}
{"logTime": "0404/190410", "correlationVector":"Rz6nbTj+8NtS8yZ+Nq0SS6","action":"Commit Request", "result":"", "context":Item count: 4
Contributing types: Sessions, History}
{"logTime": "0404/190411", "correlationVector":"Rz6nbTj+8NtS8yZ+Nq0SS6.1","action":"SyncServerConnectionManagerRequest", "result":"SYNC_SERVER_OK", "context":{"environment":"Prod_southindia_prod-s01-004-apac-southindia", "migrationStage":"NotStarted", "server":"akswtt10300000a"}}
{"logTime": "0404/190411", "correlationVector":"Rz6nbTj+8NtS8yZ+Nq0SS6.2","action":"Commit Response", "result":"Success", "context":Result: Success. cV=Rz6nbTj+8NtS8yZ+Nq0SS6.0;server=akswtt10300000a;cloudType=Consumer;environment=Prod_southindia_prod-s01-004-apac-southindia;migrationStage=NotStarted}
{"logTime": "0404/190411", "correlationVector":"Rz6nbTj+8NtS8yZ+Nq0SS6.3","action":"Commit.Sessions", "result":"Success", "context":{"id":"4ccfc44e-1755-4bd8-a117-54d1d1196c6d", "isDeleted":"true", "size":"0", "version":"1775324790197"}}
